2019-06-17 18:17:29,502 - INFO - Hunpy started
2019-06-17 18:19:07,865 - INFO - Chromedriver started
2019-06-17 18:19:50,216 - INFO - Page opened: http://www.moneyweek.com
2019-06-17 18:19:50,720 - INFO - Processor image_processor started
2019-06-17 18:19:53,716 - WARNING - Child returned, retcode:(0)
2019-06-17 18:19:53,718 - ERROR - Stopped chromedriver by exception: [Errno 2] No such file or directory: 'hunpy/datasource/ignore_domain.txt'
2019-06-17 18:19:53,719 - INFO - Chromedriver started
2019-06-17 18:20:03,357 - INFO - Page opened: http://www.trustnet.com/IMAUTOEICs.aspx
2019-06-17 18:20:03,390 - INFO - Processor image_processor started
2019-06-17 18:20:04,304 - WARNING - Child returned, retcode:(0)
2019-06-17 18:20:04,305 - ERROR - Stopped chromedriver by exception: [Errno 2] No such file or directory: 'hunpy/datasource/ignore_domain.txt'
2019-06-17 18:20:04,305 - INFO - Chromedriver started
2019-06-17 18:20:12,748 - INFO - Page opened: http://www.trustnet.com/Investments/Perf.aspx?univ=O
2019-06-17 18:20:12,783 - INFO - Processor image_processor started
2019-06-17 18:20:13,046 - WARNING - Child returned, retcode:(0)
2019-06-17 18:20:13,049 - ERROR - Stopped chromedriver by exception: [Errno 2] No such file or directory: 'hunpy/datasource/ignore_domain.txt'
2019-06-17 18:20:13,050 - INFO - Chromedriver started
2019-06-17 18:20:21,063 - INFO - Page opened: http://www.ftadviser.com/
2019-06-17 18:20:21,075 - INFO - Processor image_processor started
2019-06-17 18:20:23,450 - WARNING - Child returned, retcode:(0)
2019-06-17 18:20:23,451 - ERROR - Stopped chromedriver by exception: [Errno 2] No such file or directory: 'hunpy/datasource/ignore_domain.txt'
2019-06-17 18:20:23,452 - INFO - Chromedriver started
2019-06-17 18:20:31,626 - INFO - Page opened: http://www.morningstar.co.uk/uk/
2019-06-17 18:20:31,634 - INFO - Processor image_processor started
2019-06-17 18:20:33,176 - WARNING - Child returned, retcode:(0)
2019-06-17 18:20:33,178 - ERROR - Stopped chromedriver by exception: [Errno 2] No such file or directory: 'hunpy/datasource/ignore_domain.txt'
2019-06-17 18:20:33,178 - INFO - Chromedriver started
